Determining if the pthread_create exist failed with the following output:
Change Dir: /home/ubuntu/Formula1Epoch/datacollection/data/lidar/CMakeFiles/CMakeTmp

Run Build Command:"/usr/bin/make" "cmTC_d49f3/fast"
/usr/bin/make -f CMakeFiles/cmTC_d49f3.dir/build.make CMakeFiles/cmTC_d49f3.dir/build
make[1]: Entering directory '/home/ubuntu/Formula1Epoch/datacollection/data/lidar/CMakeFiles/CMakeTmp'
Building C object CMakeFiles/cmTC_d49f3.dir/CheckSymbolExists.c.o
/usr/bin/cc    -std=c99 -Wall -Wextra -pedantic    -o CMakeFiles/cmTC_d49f3.dir/CheckSymbolExists.c.o   -c /home/ubuntu/Formula1Epoch/datacollection/data/lidar/CMakeFiles/CMakeTmp/CheckSymbolExists.c
/home/ubuntu/Formula1Epoch/datacollection/data/lidar/CMakeFiles/CMakeTmp/CheckSymbolExists.c: In function ‘main’:
/home/ubuntu/Formula1Epoch/datacollection/data/lidar/CMakeFiles/CMakeTmp/CheckSymbolExists.c:8:11: warning: ISO C forbids conversion of function pointer to object pointer type [-Wpedantic]
   return ((int*)(&pthread_create))[argc];
           ^
Linking C executable cmTC_d49f3
/usr/bin/cmake -E cmake_link_script CMakeFiles/cmTC_d49f3.dir/link.txt --verbose=1
/usr/bin/cc   -std=c99 -Wall -Wextra -pedantic     CMakeFiles/cmTC_d49f3.dir/CheckSymbolExists.c.o  -o cmTC_d49f3 -rdynamic 
CMakeFiles/cmTC_d49f3.dir/CheckSymbolExists.c.o: In function `main':
CheckSymbolExists.c:(.text+0x14): undefined reference to `pthread_create'
CheckSymbolExists.c:(.text+0x18): undefined reference to `pthread_create'
collect2: error: ld returned 1 exit status
CMakeFiles/cmTC_d49f3.dir/build.make:97: recipe for target 'cmTC_d49f3' failed
make[1]: *** [cmTC_d49f3] Error 1
make[1]: Leaving directory '/home/ubuntu/Formula1Epoch/datacollection/data/lidar/CMakeFiles/CMakeTmp'
Makefile:126: recipe for target 'cmTC_d49f3/fast' failed
make: *** [cmTC_d49f3/fast] Error 2

File /home/ubuntu/Formula1Epoch/datacollection/data/lidar/CMakeFiles/CMakeTmp/CheckSymbolExists.c:
/* */
#include <pthread.h>

int main(int argc, char** argv)
{
  (void)argv;
#ifndef pthread_create
  return ((int*)(&pthread_create))[argc];
#else
  (void)argc;
  return 0;
#endif
}

Determining if the function pthread_create exists in the pthreads failed with the following output:
Change Dir: /home/ubuntu/Formula1Epoch/datacollection/data/lidar/CMakeFiles/CMakeTmp

Run Build Command:"/usr/bin/make" "cmTC_0114d/fast"
/usr/bin/make -f CMakeFiles/cmTC_0114d.dir/build.make CMakeFiles/cmTC_0114d.dir/build
make[1]: Entering directory '/home/ubuntu/Formula1Epoch/datacollection/data/lidar/CMakeFiles/CMakeTmp'
Building C object CMakeFiles/cmTC_0114d.dir/CheckFunctionExists.c.o
/usr/bin/cc    -std=c99 -Wall -Wextra -pedantic -DCHECK_FUNCTION_EXISTS=pthread_create   -o CMakeFiles/cmTC_0114d.dir/CheckFunctionExists.c.o   -c /usr/share/cmake-3.5/Modules/CheckFunctionExists.c
Linking C executable cmTC_0114d
/usr/bin/cmake -E cmake_link_script CMakeFiles/cmTC_0114d.dir/link.txt --verbose=1
/usr/bin/cc   -std=c99 -Wall -Wextra -pedantic -DCHECK_FUNCTION_EXISTS=pthread_create    CMakeFiles/cmTC_0114d.dir/CheckFunctionExists.c.o  -o cmTC_0114d -rdynamic -lpthreads 
/usr/bin/ld: cannot find -lpthreads
collect2: error: ld returned 1 exit status
CMakeFiles/cmTC_0114d.dir/build.make:97: recipe for target 'cmTC_0114d' failed
make[1]: *** [cmTC_0114d] Error 1
make[1]: Leaving directory '/home/ubuntu/Formula1Epoch/datacollection/data/lidar/CMakeFiles/CMakeTmp'
Makefile:126: recipe for target 'cmTC_0114d/fast' failed
make: *** [cmTC_0114d/fast] Error 2


